# 特别提醒: 标签状态(带颜色),由 VsCode 插件(TodoLight) 自动生成,可自行安装并配置状态色;

## Badge 标识
BUG Bug问题描述
WAIT 加急处理事项
OVER 已开发完毕
FIXME 修复Bug
REMARK 备注正在进行时

# version v0.0.1

OVER 实现颜色转换功能
OVER 类型声明智能提示
OVER 编写README开发文档

WAIT 软件包类型声明报错
Cannot find module 'color-processor' or its corresponding type declarations.

# version v0.0.2

FIXME 软件包类型声明报错
修改 package.json 文件配置 (types、exports 正确指向 types 文件配置)


# version v0.0.3
FIXME 软件包类型声明报错
修改 package.json 文件配置 (移除 exports 配置)

# version v0.0.4
FIXME 软件包类型声明报错
修改 package.json 文件配置 (修改 files 配置, 追加 'types' 值)

# version v0.0.5
FIXME 软件包类型声明报错
智能提示软件包类型声明已解决;
用户使用过程,出现运行错误提示: The plugin "vite:dep-scan" was triggered by this import